Using SCRIPTS_ROOTDIR: /home/thaesue/smt_se/mosesdecoder/scripts
Using single-thread GIZA
using pigz 
(2) running giza @ Sun Aug  4 23:30:10 +0630 2019
(2.1a) running snt2cooc my-en @ Sun Aug  4 23:30:10 +0630 2019

Executing: mkdir -p /home/thaesue/smt_se/Data/model8/my-en/training/giza-inverse.1
Executing: /home/thaesue/smt_se/tools/snt2cooc.out /home/thaesue/smt_se/Data/model8/my-en/training/prepared.1/en.vcb /home/thaesue/smt_se/Data/model8/my-en/training/prepared.1/my.vcb /home/thaesue/smt_se/Data/model8/my-en/training/prepared.1/my-en-int-train.snt > /home/thaesue/smt_se/Data/model8/my-en/training/giza-inverse.1/my-en.cooc
line 1000
line 2000
line 3000
line 4000
line 5000
line 6000
line 7000
line 8000
line 9000
line 10000
line 11000
END.
(2.1b) running giza my-en @ Sun Aug  4 23:30:11 +0630 2019
/home/thaesue/smt_se/tools/GIZA++  -CoocurrenceFile /home/thaesue/smt_se/Data/model8/my-en/training/giza-inverse.1/my-en.cooc -c /home/thaesue/smt_se/Data/model8/my-en/training/prepared.1/my-en-int-train.snt -m1 5 -m2 0 -m3 3 -m4 3 -model1dumpfrequency 1 -model4smoothfactor 0.4 -nodumps 1 -nsmooth 4 -o /home/thaesue/smt_se/Data/model8/my-en/training/giza-inverse.1/my-en -onlyaldumps 1 -p0 0.999 -s /home/thaesue/smt_se/Data/model8/my-en/training/prepared.1/en.vcb -t /home/thaesue/smt_se/Data/model8/my-en/training/prepared.1/my.vcb
Executing: /home/thaesue/smt_se/tools/GIZA++  -CoocurrenceFile /home/thaesue/smt_se/Data/model8/my-en/training/giza-inverse.1/my-en.cooc -c /home/thaesue/smt_se/Data/model8/my-en/training/prepared.1/my-en-int-train.snt -m1 5 -m2 0 -m3 3 -m4 3 -model1dumpfrequency 1 -model4smoothfactor 0.4 -nodumps 1 -nsmooth 4 -o /home/thaesue/smt_se/Data/model8/my-en/training/giza-inverse.1/my-en -onlyaldumps 1 -p0 0.999 -s /home/thaesue/smt_se/Data/model8/my-en/training/prepared.1/en.vcb -t /home/thaesue/smt_se/Data/model8/my-en/training/prepared.1/my.vcb
Reading vocabulary file from:/home/thaesue/smt_se/Data/model8/my-en/training/prepared.1/en.vcb
Reading vocabulary file from:/home/thaesue/smt_se/Data/model8/my-en/training/prepared.1/my.vcb
10000
NTable contains 43060 parameter.
10000
NTable contains 43060 parameter.
10000
NTable contains 43060 parameter.
10000
NTable contains 43060 parameter.
10000
NTable contains 43060 parameter.
10000
NTable contains 43060 parameter.
Executing: rm -f /home/thaesue/smt_se/Data/model8/my-en/training/giza-inverse.1/my-en.A3.final.gz
Executing: pigz /home/thaesue/smt_se/Data/model8/my-en/training/giza-inverse.1/my-en.A3.final
