shard_size = 0 shard_count = 0
Seeding random numbers with system clock 
name: case value: true
Data::m_score_type BLEU
Data::Scorer type from Scorer: BLEU
Loading Data from: run1.scores.dat and run1.features.dat
loading feature data from run1.features.dat
loading score data from run1.scores.dat
Loading Data from: run2.scores.dat and run2.features.dat
loading feature data from run2.features.dat
loading score data from run2.scores.dat
Loading Data from: run3.scores.dat and run3.features.dat
loading feature data from run3.features.dat
loading score data from run3.scores.dat
Loading Data from: run4.scores.dat and run4.features.dat
loading feature data from run4.features.dat
loading score data from run4.scores.dat
Loading Data from: run5.scores.dat and run5.features.dat
loading feature data from run5.features.dat
loading score data from run5.scores.dat
Data loaded : [Wall 0.955857 CPU 0.95574] seconds.
Creating a pool of 1 threads
Best point: 0.061033 -0.0298958 0.10783 0.0660585 0.0197786 0.16699 -0.0155377 0.0951622 -0.205624 0.131887 0.0367854 0.0109652 -0.00882502 0.043628  => 0.526018
Stopping... : [Wall 53.6769 CPU 53.6497] seconds.
