why are you မသွား ? 
မိသားစုကြီး one &apos;s တာဝန် to take ရသဖြင့် he budget to ချွေတာ three . 
I don &apos;t see . စိတ်ညစ် is was . 
he book entrepreneurs အဝတ်အစားများ to ထုတ်ပိုး စတင် . 
ဝန်ထုပ် ဝန်ပိုး 
လွန်ခဲ့တဲ့(၂)ရက်က။ 
စာရင်းရှင် . 
လေးသော။ 
no . 
this is Aye Aye . 
what is this ? 
that is a desk . 
ခြောက်လုံးပြူး။ 
that is a desk . 
စတော်ဘယ်ရီယို။ 
I am shutting the door . 
ကိုယ်လက်အင်္ဂါချွတ်ယွင်းကုသဆေးရုံ။ 
သက်ဆိုင်ရာအာဏာပိုင်အဖွဲ့။ 
is this difficult ? 
what is the next plans ? 
ဗုဒ္ဓ ဘာသာဝင် 
that is red . 
what would you like to go ? 
စစ်ဦးစီးအရာရှိချုပ်(လေ)။ 
is there သတိ muddy . 
he has to အလုပ်ထွက် is လွဲလို့ can I don &apos;t နည်လမ်း တော့ပါ။ 
I am shutting the window . 
you are a preference မီး a the အ နံ့ I can ? 
အက္ခရာသင်္ချာ။ 
this car is big . 
this is her mother . 
this is red . 
မြန်မြန် 
not black . 
၅၂ ဆင့် 
ကိုလံဘက်စ် 
if not . 
is this a ship ? 
do you happy to ချမ်းသာ left . 
that is a pen . 
I am opening the window . 
push 
ကြိတ်သည် . 
this is her mother . 
that is a queen . 
အဲ့ဒါ is your with who အတူ to get ဆိုတဲ့ အပေါ် မူတည် . 
what &apos;s your 2 she speaking the air ? 
လက်ဖက်ရည်အိုး 
he is sitting . 
that is a ခဲတံတစ် ချောင်း . 
သုံးဆယ့်သုံး . 
what do you know you talk ? 
သတင်းအချက်အလက်ပေး Things 
this is her father . 
this is a table @-@ cloth . 
I made မပြော . 
I am standing up . 
there . 
21 
is that an apple ? 
စည်းရုံးရေး good he to the အသေးစိတ် ဂရုစိုက် တတ် . 
အရက် does drink ? 
street ? 
is this a knife ? 
စစ် in they တိုက် အသက်ပေး . 
this is a paper . 
I am sitting . 
နားသံ။ 
his name is U Chit . 
he is not me see ဆောင် ဟန် . 
this car is big . 
we right now for you have you . 
တံဆိပ်တုံးတု။ 
they are on the plate . 
ငွေစုစာအုပ် . 
that is a pan . 
တပ်ကြပ်။ 
my name is Tun Tun . 
this is a bird . 
Kyaw Kyaw &apos;s ice @-@ cream is green . 
this is a chair . 
I နိုင်ငံခြား son not . 
is this good ? 
how many dots are there ? 
your name ? 
mail လုလင် 
that is a bag . 
that is a bowl . 
how do ? 
ကြေးနန်းကြိုး 
where I haven &apos;t decided where to go yet . 
that is a queen . 
this is a apart from အကုန်လုံး . 
ရုံးပတီသီး။ 
that is a blackboard . 
ဌာနခွဲစာရေး 
ဝိုင်းရံ . 
I am opening the window . 
this is a pig . 
look out . 
if you သာ သဘောမတူ မေမေ စိတ်ကောင်း have not . 
သက်ဆိုင်ရာအာဏာပိုင်အဖွဲ့။ 
လူပြက် 
my shoe 
they လှိမ့် တိုက်ခိုက်မှုဒဏ် and ခံ . 
ဥပဒေခွင့်ပြုသော . 
that is a ball pen . 
that is a doll . 
in the bag . 
would you like find a ? 
not green . 
is he a teacher ? 
this place four is really ကြည်နူး စရာ four . 
ဦးစီး။ 
the book is the table . 
ဒီဇင်ဘာ ၂၉ . 
is that a basket ? 
အားကစားရုံ to . 
this is a fish . 
တဆင့်ရေးထိုးသူ။ 
I am Kyaw Kyaw . 
မှဲ့စက်။ 
is he a postman ? 
ချောကလက်။ 
this car is big . 
my mouth 
he is laughing . 
they are we when would be back whose told me ask . 
are you Mi Mi ? 
when did they is marry ? 
is this a street ? 
စာကြည့်တိုက် to go . 
this is a basket . 
သတ္တဗေဒနှင့်ဆိုင်သော . 
ကျောက်ဆောင်များ။ 
is this a boy ? 
အရောင်းစာရေး can the say : 
what ဟိုဟာ 
he is a postman . 
? 
I နေမကောင်း because retore . 
ဆိုးသော။ 
connect . 
this is his father . 
that is a duster . 
a teacher . 
that is a button . 
ရှေ့အပတ်က။ 
အပြောက်များ this ဘယ်နှပြောက် ? 
ကျားသစ်။ 
ရဲတင်းသော . 
the girl is on the chair . 
go to decide upon a a reservation whenever to help you happy the to be 
do you go whenever have some အပြောင်းအလဲ if better whenever you can . 
I am writing . 
that is a bag . 
where I will arrange for to go ? 
my name is U Chit . 
ပညာရေးနှင့်ဆိုင်သော . 
how old ? 
ဂျင်း အင်္ကျီ apart from other what ရောင်း small ? 
အုပ်ချုပ်ရေးယန္တရားအပေါ်တာဝန်အဆမတန်ကျရောက်မှု။ 
this is a bus car . 
behind the bag . 
says , &quot; said say what are speaking &apos;t don &apos;t also know . 
I am shutting the door . 
this is a bus . 
is this a chair ? 
is this an egg ? 
do you နည်းနည်းလေး ဆက် I and နေပေး ? 
I can I have wait ? 
that is a cat . 
အောင်မြင်သော . 
ဒါရိုက်တာ the meeting do you အနှောင့်အယှက် not . I . 
that is a glass . 
that is brown . 
I am reading . 
မီးရှို့သည် . 
လာသော . 
ပြည့် room . 
me is promise ? 
can ပြန်ကြား to address and စာအိတ် stamp ကပ် . 
I am running . 
နှောင့်ယှက် . 
I &apos;m sorry. he အခုလေးတင် am You &apos;ve . 
a man train the engineer ထံသို့ လာရောက် စောဒကတက် . 
I have a အူရီဂွန် အပန်းဖြေ အနားယူ don &apos;t because 
are you boys ? 
the best price ညှိ we can . 
this is her father . 
that is an artist . 
is this a flower ? 
this is a glass . 
I am opening the door . 
hundred . 
my သား။ 
မိသားစုဝင်များ someone troubles Things 
the chair is beside the tree . 
what do you do ကျွန်မတို့ today class in the air ? 
I am shutting the window . 
I am running . 
do you want to left to 
အပူခံ ဖော့ 
this is ? 
hand of ပြင်း စွာ ရိုက် Things 
this is her father . 
hotel မီးလောင်မှု have to the ဆယ်ဦး သေဆုံး . 
ခြေဖနောင့်။ 
that is a blackboard . 
I am writing . 
they are beside the bag . 
ချိုး . 
don &apos;t have သတိ muddy . 
is that an ice @-@ cream ? 
is this a glass ? 
it &apos;s very village မိုး today . 
please sit down . 
this car is small . 
his is စေ့စပ်ဖျန်ဖြေ at the listened three . 
, thanks . but I အရက် မသောက် တတ် . 
the ပြည့်ဝ လေ့ကျင့်ပေး . 
my feet 
နှာခေါင်း။ 
this is her father . 
what did you do that the ? teacher asked 
do you အကြိုက်ဆုံး ရုပ်ရှင်သရုပ်ဆောင် is who ? 
chair ရှစ်လုံး 
is this a blackboard ? 
မတ်သော။ 
is this a ship ? 
I မေ 14 days to day . 
how much money do this vacation အကုန်အကျ စာရင်း in the ထည့် ? 
that is a bag . 
this is a duster . 
နိုး . 
အားပေး . 
ဒူးရင်းသီး။ 
this is a bird . 
I am drawing . 
they are in the bag . 
my knee 
ကြောက်သော . 
is this a desk ? 
my name is U Chit . 
this is a pig . 
these are girls and these are boys . 
my ear 
beside the bag . 
do you have to go there ? 
Kyaw Kyaw &apos;s shirt is dirty . 
is this a glass ? 
this is a stick . 
this is his father . 
သစ်တောများ this မိုင်ပေါင်း များစွာ ကျယ်ပြန့် . 
work . 
my mouth 
no , it is open . 
စိတ်ဓာတ်ကျဆင်းမှု this ဖိစီးမှု၊ ပင်ပန်းမှုဒဏ် work is the လေ့ . 
this is a glass . 
speak English very well မပြော တတ် . 
လက်နက်ကြီး။ 
on the plate . 
, it is not right the sum is wrong . 
his ဆီမှာ နောက်ထပ် to . 
on the weather မူတည် . 
this is black . 
တည်ဆောက်သော . 
that is a blackboard . 
စုံစမ်းသည် . 
ကဗျာ to keep မူပိုင်ခွင့် do , ကိုးကား ပါက must give you need budget 
သာမိုမီတာ &apos;s စကေး look at the . 
this is a bicycle . 
no , we are not women . 
တွက် . 
is this a tap ? 
ကြော်ငြာလုပ်ငန်း။ 
curse 
I don &apos;t ဆေးလိပ် drink . 
this is a stone . 
ဓာတ်မှန်ပညာ။ 
my feet 
this is a hen . 
they are in the bag . 
how long does it take said with car ? 
I am a writer . . 
is this a tap ? 
ပြုတ် . 
he is walking . 
this is her father . 
that is yellow . 
ကုန်ပစ္စည်း 
bum 
this is not a pencil . 
that is a bag . 
သန့်သော။ 
he ဒီ့ပြင် တခု say . 
မျက်မှောက်ရေးရာ to know to keep သတင်းစာ to give ရပါမည်။ read 
I am opening the door . 
he house have . 
ရော့ here . 
ညီညွှတ်မှု if you don &apos;t ပြည်ထောင်စုကြီး ပြိုကွဲ that we have a အတွေ့အကြုံ ခါးသီး there . 
is that an egg ? 
အဖမ်း ခံ , he 
this is a ship . 
there are three birds . 
I July 14 days would you like to go . 
ဝက် 
this is her mouth . 
in the bag . 
မာလကာပင်များ that ဥယျာဉ် in နောင် two ပေါက် that hope . 
the bottle 
on the plate . 
my face 
မျက်စိကန်းသော . 
this car is small . 
is this a school ? 
ဆယ် သိန်း 
is this an aeroplane ? 
ကာယနှင့်ဆိုင်သော။ 
this is a bag . 
is this a lamp ? 
do you ထွက်ခွာ to love you morning or afternoon ထွက်ခွာ ? 
မကျက်သေးသော . 
my name is ဂျွန်စမစ်။ 
you should မပြော ? 
this is a bird . 
that is a cup . 
I think that he would come မည်၊ where . 
not . 
judge . 
is this difficult ? 
this is his father . 
စာမေးပွဲ is hope ထားတာ more than difficult . 
this is her mouth . 
ဆယ့်သုံး 
would you like to ယူအက်စ် arrive ? 
that is a duster . 
it is under the desk . 
I am a boy . 
is this difficult ? 
eat . 
is this bad ? 
that is in the sky . 
this is his father . 
there are two cats under the table . 
have is I guess is . 
this is his mother . 
it is in the hotel to သတင်းစာ in a news is the သံသယ ပွား စရာ come . 
do you know address . 
ပုတက်စာ။ 
no , we are not women . 
လူမှုရေး , နိုင်ငံရေးစီးပွားရေးဘဏ်များတွင်။ 
ဓာတ် train 
my name is Mi Mi . 
is this a queen ? 
ငါးဆယ့်ငါး . 
စာရင်းရှင်။ 
my name is U Chit . 
she is drawing . 
the they အလုပ်ပြီး when to give ငွေရှင်း . 
အန္တရာယ်များသော . 
that is not a pencil . 
I am writing . 
စစ်ဦးစီးဗိုလ်မှူးကြီး(ရေ)။ 
the book is &apos;s under the table . 
is he shouting ? 
ဝေလငါး။ 
ပြသသည် . 
they are in the bag . 
လျှောကျ . 
that is a glasses . 
စက်သေနတ်။ 
အသုံးဝင်သော . 
this is a glass . 
he is not a girl ? 
you speak English တတ် talk ? 
I am opening the window . 
the the ၁၉၉၇ seven is လူမွဲစာရင်း ကြေညာ to give you လျှောက် of seats 
I am drawing . 
မင်္ဂလာဒုံ the to what time to ? 
I have a bell . 
we leave . I ? 
is this a pencil ? 
ညစ်ပတ်သော။ 
who call ? 
that is a button . 
စိတ္တဇပန်းချီ is တဖြည်းဖြည်း အကျင့် ရလာ the နားလည်လက်ခံလာ တတ် တာ။ 
သတင်းအချက်အလက် someone Things 
can I there ? 
မောင်နှံ တည်းခိုရာ and the hotel ပြန်မရောက် when the အရေးတကြီး ဆော်ဩ of the police အကြောင်းကြား . 
that is a bird . 
I am pointing . 
now for two the ပြင်ပ ငွေပေးငွေယူရှင်းတမ်း လက်ကျန် it good . 
he thanks တင် အနေ of the ပြုံး ပြ . 
post ဌာန 
is this a fish ? 
ပြင်းထန် muddy . 
စာချုပ်စာတမ်းဆိုင်ရာရှေ့နေ။ 
I have a kite . 
my name is Toe Toe . 
is that a basket ? 
this is a woman . 
my name is Mi Mi . 
that is a glass . 
this boy is short . 
ဆင်။ 
that is a bottle . 
they are you အသင့်တော် ဆုံး price for you help . 
is the sum difficult ? 
she is clothing အသစ် ချုပ် a . 
this is white . 
စုပ်ယူနိုင်သော . 
enter . 
အပြစ်ရှိသော . 
စာပေလက်ထောက်(၁)။ 
စကားမစပ်။ 
တစ်စုံတစ်ခု muddy အဆင့် အထိ you I သဘောချင်း football . 
ဗေဒင်ပညာရှင်။ 
မွမ်းမံ . 
my name is Mi Mi . 
this is a table . 
ခွဲခြမ်းစိတ်ဖြာမှု &apos;s this အဆင့် I have a computer မသုံး not . 
this car is big . 
six 
I like to watch TV like 
not . 
this is a chicken . 
and I is is your &apos;s ချစ်သူ come . 
I want to go ပြပွဲ . 
the girl is on the chair . 
a 
အသံတိုးသော . 
my name is Mi Mi . 
I am U Chit . 
အတုလုပ်မှု။ 
I am pointing . 
this car is big . 
are you boys ? 
ဆယ့်သုံး 
တကယ်လား၊ which company in ? 
အလောတကြီးပြု . 
they are in the bag . 
the dog is under the table . 
တု . 
I am cold weather like a or နွေး like a to the weather ? 
I am a boy . 
this car is small . 
ထုပ်လုပ်သည် . 
is that a cup ? 
my name is Tun Tun . 
ငရုတ်သီး။ 
eight ခွဲ to leave အမှတ် ၉၉၂ train ten don &apos;t minutes to ခင် . 
is this difficult ? 
he is in front of the girl . 
is this an ice @-@ cream ? 
do you have a street 30 get . 
this I watch film ever ? 
is this a glass ? 
ချိုချဉ် 
this boy is short . 
are you မပြော တတ် ? 
who call you ? &quot; စစ်ဆေး ကြည့်ရှု Things 
ဆယ့်လေး 
this car is small . 
he is not a policewoman ? 
hut at live 
တစ်ဆယ့် three 
he ဆောင်း ရာသီ to do not . 
is that a handkerchief ? 
I am clapping . 
I am opening the window . 
၉၀ 
he is a postman . 
စာပို့ခ 
နင်တို့က အမျိုးသမီးများ ဖြစ်သလား . 
is she a policewoman ? 
the dog is under the table . 
my mouth 
ထိုနေရာမှာ 
this is a house . 
ဖြောင့်သော။ 
my မှာကရားအိုး an . 
this is a bag . 
the ထိခိုက်နစ်နာသူ &apos;s အပေါင်းအသင်း all စစ်ဆေးမေးမြန်း . 
I &apos;d like to go ဈေးဝယ် 
my hair 
အက္ခရာစဉ် have မည်မျှ စာလုံး ? 
သီတင်းပတ် &apos;s what date ? 
my thumb 
ငွေဝင်ငွေထွက် စာရင်း . 
he is in front of the girl . 
is this a ruler ? 
is this a bicycle ? 
Kyaw Kyaw &apos;s shirt is dirty . 
လော့စ်အိဂျလိစ် have if နွေ joy what do ကြလဲ? 
is this a lamp ? 
I am opening the window . 
that is an egg . 
Kyaw Kyaw &apos;s ice @-@ cream is green . 
တရံရောအခါ မုဆိုး တစ်ခုခု have a wood တစ်နေ့သော morning at wait a fox လျက် while the tree အို one to ဖြည်းညှင်းစွာ come to see ရလေ၏။ 
