why are you မသွား ? 
the မိသားစုကြီး take a ရသဖြင့် &apos;s he တာဝန် budget can spend ချွေတာ to the . 
စိတ်ညစ် is not . I was see . 
the book is he did the ထုတ်ပိုး စတင် အဝတ်အစားများ . 
ဝန်ပိုး ဝန်ထုပ် 
လွန်ခဲ့တဲ့(၂)ရက်က။ 
စာရင်းရှင် . 
လေးသော။ 
no . 
this is Aye Aye . 
what is this ? 
that is a desk . 
ခြောက်လုံးပြူး။ 
that is a desk . 
စတော်ဘယ်ရီယို။ 
I am shutting the door . 
ကိုယ်လက်အင်္ဂါချွတ်ယွင်းကုသဆေးရုံ။ 
သက်ဆိုင်ရာအာဏာပိုင်အဖွဲ့။ 
is this difficult ? 
what is the plan ? 
ဘာသာဝင် ဗုဒ္ဓ 
that is red . 
would you like to go ? 
စစ်ဦးစီးအရာရှိချုပ်(လေ)။ 
is there a သတိ 
is he can be နည်လမ်း အလုပ်ထွက် witness to တော့ပါ။ လွဲလို့ 
I am shutting the window . 
are you a boy is a to preference နံ့ မီး can I အ ? 
အက္ခရာသင်္ချာ။ 
this car is big . 
this is her mother . 
this is red . 
မြန်မြန် 
this is not black . 
ဆင့် ၅၂ 
ကိုလံဘက်စ် 
if not . 
is this a ship ? 
to you left ချမ်းသာ happy . 
that is a pen . 
I am opening the window . 
push 
ကြိတ်သည် . 
this is her mother . 
that is a queen . 
who is အတူ အဲ့ဒါ ? you အပေါ် with မူတည် ဆိုတဲ့ go . 
what &apos;s your depletion she two you talk ? 
လက်ဖက်ရည်အိုး 
he is sitting . 
is that ချောင်း ခဲတံတစ် is . 
သုံးဆယ့်သုံး . 
what do you speak to know ? 
သတင်းအချက်အလက်ပေး Things 
this is her father . 
this is a table @-@ cloth . 
I made မပြော . 
I am standing up . 
there . 
21 
is that an apple ? 
the စည်းရုံးရေး အသေးစိတ် good ဂရုစိုက် he တတ် the . 
drink does အရက် ? 
street ? 
is this a knife ? 
they တိုက် စစ် အသက်ပေး in . 
this is a paper . 
I am sitting . 
နားသံ။ 
his name is U Chit . 
don &apos;t he ဟန် to see the ဆောင် me . 
this car is big . 
we for you right now you have . 
တံဆိပ်တုံးတု။ 
they are on the plate . 
ငွေစုစာအုပ် . 
that is a pan . 
တပ်ကြပ်။ 
my name is Tun Tun . 
this is a bird . 
Kyaw Kyaw &apos;s ice @-@ cream is green . 
this is a chair . 
I am not နိုင်ငံခြား son . 
is this good ? 
how many dots are there ? 
what is your name ? 
လုလင် mail 
that is a bag . 
that is a bowl . 
how do ? 
ကြေးနန်းကြိုး 
what I haven &apos;t decided where to go yet . 
that is a queen . 
is this အကုန်လုံး apart from . 
ရုံးပတီသီး။ 
that is a blackboard . 
ဌာနခွဲစာရေး 
ဝိုင်းရံ . 
I am opening the window . 
this is a pig . 
look out . 
if you have သဘောမတူ စိတ်ကောင်း သာ not မေမေ . 
သက်ဆိုင်ရာအာဏာပိုင်အဖွဲ့။ 
လူပြက် 
my shoe 
they ခံ လှိမ့် တိုက်ခိုက်မှုဒဏ် and the . 
ဥပဒေခွင့်ပြုသော . 
that is a ball pen . 
that is a doll . 
in the bag . 
did you find a like ? 
this is not green . 
is he a teacher ? 
is this ကြည်နူး really စရာ where four four . 
ဦးစီး။ 
the book is the table . 
၂၉ ဒီဇင်ဘာ . 
is that a basket ? 
go to အားကစားရုံ . 
this is a fish . 
တဆင့်ရေးထိုးသူ။ 
I am Kyaw Kyaw . 
မှဲ့စက်။ 
is he a postman ? 
ချောကလက်။ 
this car is big . 
my mouth 
he is laughing . 
they are whose when we told me that he would be back . &quot; 
are you Mi Mi ? 
when did they marry is ? 
is this a street ? 
go to စာကြည့်တိုက် . 
this is a basket . 
သတ္တဗေဒနှင့်ဆိုင်သော . 
ကျောက်ဆောင်များ။ 
is this a boy ? 
can အရောင်းစာရေး : &quot; , said the . 
what ဟိုဟာ ? 
he is a postman . 
? 
may I retore နေမကောင်း . 
ဆိုးသော။ 
connect . 
this is his father . 
that is a duster . 
a teacher . 
that is a button . 
ရှေ့အပတ်က။ 
is there ဘယ်နှပြောက် အပြောက်များ ? 
ကျားသစ်။ 
ရဲတင်းသော . 
the girl is on the chair . 
to go decide upon a a reservation whenever to help you the to be happy . 
at the travel time you some more အပြောင်းအလဲ a if I can you . 
I am writing . 
that is a bag . 
I where will arrange for the to go ? 
my name is U Chit . 
ပညာရေးနှင့်ဆိုင်သော . 
how old ? 
can I အင်္ကျီ ဂျင်း ရောင်း apart from . what ? 
အုပ်ချုပ်ရေးယန္တရားအပေါ်တာဝန်အဆမတန်ကျရောက်မှု။ 
this is a bus car . 
behind the bag . 
what says , &quot; said , &quot; said the don &apos;t also know speaking . 
I am shutting the door . 
this is a bus . 
is this a chair ? 
is this an egg ? 
I ဆက် နေပေး နည်းနည်းလေး and you ? 
can I have wait ? 
that is a cat . 
အောင်မြင်သော . 
the meeting အနှောင့်အယှက် ဒါရိုက်တာ you do not . I am . 
that is a glass . 
that is brown . 
I am reading . 
မီးရှို့သည် . 
လာသော . 
ပြည့် room . 
thank you promise me ? 
stamp @-@ to ပြန်ကြား ကပ် can စာအိတ် address and . 
I am running . 
နှောင့်ယှက် . 
he . I am to the အခုလေးတင် . 
the engineer လာရောက် ထံသို့ the train စောဒကတက် a . 
I don &apos;t have the အူရီဂွန် အနားယူ အပန်းဖြေ 
are you boys ? 
we can the best price can ညှိ . 
this is her father . 
that is an artist . 
is this a flower ? 
this is a glass . 
I am opening the door . 
hundred . 
my သား။ 
someone troubles မိသားစုဝင်များ Things 
the chair is beside the tree . 
what are they in ကျွန်မတို့ do class ? 
I am shutting the window . 
I am running . 
do you want to left to 
ဖော့ အပူခံ 
this is ? 
ရိုက် စွာ ပြင်း of hand Things 
this is her father . 
to the hotel သေဆုံး ဆယ်ဦး မီးလောင်မှု to have . 
ခြေဖနောင့်။ 
that is a blackboard . 
I am writing . 
they are beside the bag . 
ချိုး . 
don &apos;t have a သတိ 
is that an ice @-@ cream ? 
is this a glass ? 
it &apos;s very village မိုး today . 
please sit down . 
this car is small . 
the his listened စေ့စပ်ဖျန်ဖြေ have three is . 
မသောက် . thanks တတ် အရက် but I . 
the ပြည့်ဝ လေ့ကျင့်ပေး . 
my feet 
နှာခေါင်း။ 
this is her father . 
what did you do that told ? &quot; asked the teacher . 
who is အကြိုက်ဆုံး ရုပ်ရှင်သရုပ်ဆောင် you ? 
ရှစ်လုံး chair 
is this a blackboard ? 
မတ်သော။ 
is this a ship ? 
I get you မေ 14 days . 
how much money do this trip စာရင်း for ထည့် in the အကုန်အကျ ? 
that is a bag . 
this is a duster . 
နိုး . 
အားပေး . 
ဒူးရင်းသီး။ 
this is a bird . 
I am drawing . 
they are in the bag . 
my knee 
ကြောက်သော . 
is this a desk ? 
my name is U Chit . 
this is a pig . 
these are girls and these are boys . 
my ear 
beside the bag . 
where do you have to go to have ? 
Kyaw Kyaw &apos;s shirt is dirty . 
is this a glass ? 
this is a stick . 
this is his father . 
the ကျယ်ပြန့် မိုင်ပေါင်း များစွာ သစ်တောများ . 
work . 
my mouth 
no , it is open . 
the စိတ်ဓာတ်ကျဆင်းမှု is the လေ့ ပင်ပန်းမှုဒဏ် ဖိစီးမှု၊ have the . 
this is a glass . 
တတ် မပြော speak English very well . 
လက်နက်ကြီး။ 
on the plate . 
no , the sum is wrong , it is not right . 
to his နောက်ထပ် ဆီမှာ . 
မူတည် on the weather . 
this is black . 
တည်ဆောက်သော . 
that is a blackboard . 
စုံစမ်းသည် . 
keep the , ကဗျာ ကိုးကား မူပိုင်ခွင့် ပါက do you need must budget 
it &apos;s the စကေး သာမိုမီတာ . 
this is a bicycle . 
no , we are not women . 
တွက် . 
is this a tap ? 
ကြော်ငြာလုပ်ငန်း။ 
curse 
I don &apos;t drink ဆေးလိပ် . 
this is a stone . 
ဓာတ်မှန်ပညာ။ 
my feet 
this is a hen . 
they are in the bag . 
how long does it take with car ? &quot; 
I am a writer . . 
is this a tap ? 
ပြုတ် . 
he is walking . 
this is her father . 
that is yellow . 
ကုန်ပစ္စည်း 
bum 
this is not a pencil . 
that is a bag . 
သန့်သော။ 
he say တခု ဒီ့ပြင် . 
သတင်းစာ မျက်မှောက်ရေးရာ to know to take to keep ရပါမည်။ read 
I am opening the door . 
is there at home . 
ရော့ here . 
ညီညွှတ်မှု that if you don &apos;t have ပြည်ထောင်စုကြီး ခါးသီး ပြိုကွဲ အတွေ့အကြုံ we have a . 
is that an egg ? 
, he ခံ အဖမ်း 
this is a ship . 
there are three birds . 
on July I would you like to go 14 days . 
ဝက် 
this is her mouth . 
in the bag . 
in the နောင် မာလကာပင်များ ပေါက် ဥယျာဉ် hope that two . 
the bottle 
on the plate . 
my face 
မျက်စိကန်းသော . 
this car is small . 
is this a school ? 
သိန်း ဆယ် 
is this an aeroplane ? 
ကာယနှင့်ဆိုင်သော။ 
this is a bag . 
is this a lamp ? 
did you ထွက်ခွာ in the morning or afternoon to ထွက်ခွာ love ? 
မကျက်သေးသော . 
my name is ဂျွန်စမစ်။ 
you should မပြော ? 
this is a bird . 
that is a cup . 
I think that he would come where မည်၊ . 
it is not . 
judge . 
is this difficult ? 
this is his father . 
more than စာမေးပွဲ difficult from ထားတာ hope . 
this is her mouth . 
ဆယ့်သုံး 
when did you get to the ယူအက်စ် ? 
that is a blackboard . 
it is under the desk . 
I am a boy . 
is this difficult ? 
and eat . 
is this bad ? 
that is in the sky . 
this is his father . 
there are two cats under the table . 
that is what I guess you have . 
this is his mother . 
it is in the hotel in to သတင်းစာ ပွား a စရာ news is the come သံသယ . 
do you know address ? 
ပုတက်စာ။ 
no , we are not women . 
နိုင်ငံရေးစီးပွားရေးဘဏ်များတွင်။ လူမှုရေး , 
the ဓာတ် 
my name is Mi Mi . 
is this a queen ? 
ငါးဆယ့်ငါး . 
စာရင်းရှင်။ 
my name is U Chit . 
she is drawing . 
they အလုပ်ပြီး ငွေရှင်း when you to the . 
အန္တရာယ်များသော . 
that is not a pencil . 
I am writing . 
စစ်ဦးစီးဗိုလ်မှူးကြီး(ရေ)။ 
my book is under the table . 
is he shouting ? 
ဝေလငါး။ 
ပြသသည် . 
they are in the bag . 
လျှောကျ . 
that is a glasses . 
စက်သေနတ်။ 
အသုံးဝင်သော . 
this is a glass . 
is she a girl ? 
do you speak English တတ် you talk . 
I am opening the window . 
is it လူမွဲစာရင်း the you ၁၉၉၇ to 7 လျှောက် ကြေညာ of seats 
I am drawing . 
what time does the to the မင်္ဂလာဒုံ ? 
I have a bell . 
I can leave is this ? 
is this a pencil ? 
ညစ်ပတ်သော။ 
call who ? 
that is a button . 
the စိတ္တဇပန်းချီ နားလည်လက်ခံလာ is တတ် ရလာ တဖြည်းဖြည်း တာ။ အကျင့် 
someone သတင်းအချက်အလက် Things 
there can ? 
ပြန်မရောက် မောင်နှံ တည်းခိုရာ and when the hotel of the to the ဆော်ဩ အကြောင်းကြား အရေးတကြီး . 
that is a bird . 
I am pointing . 
the two ပြင်ပ now လက်ကျန် for it is good ငွေပေးငွေယူရှင်းတမ်း . 
the he of the ပြုံး thanks ပြ အနေ တင် . 
post ဌာန 
is this a fish ? 
a ပြင်းထန် 
စာချုပ်စာတမ်းဆိုင်ရာရှေ့နေ။ 
I have a kite . 
my name is Toe Toe . 
is that a basket ? 
this is a woman . 
my name is Mi Mi . 
that is a glass . 
this boy is short . 
ဆင်။ 
that is a bottle . 
they are for your help the price အသင့်တော် you ဆုံး . 
is the sum difficult ? 
she is a အသစ် ချုပ် dress . 
this is white . 
စုပ်ယူနိုင်သော . 
enter . 
အပြစ်ရှိသော . 
စာပေလက်ထောက်(၁)။ 
စကားမစပ်။ 
you တစ်စုံတစ်ခု I a သဘောချင်း အဆင့် football အထိ . 
ဗေဒင်ပညာရှင်။ 
မွမ်းမံ . 
my name is Mi Mi . 
this is a table . 
computer ခွဲခြမ်းစိတ်ဖြာမှု မသုံး here &apos;s not at the အဆင့် . 
this car is big . 
6 
I like to you like to watch TV ? 
not . 
this is a chicken . 
ချစ်သူ is your and is I will you come . 
I want to go to ပြပွဲ . 
the girl is on the chair . 
a 
အသံတိုးသော . 
my name is Mi Mi . 
I am U Chit . 
အတုလုပ်မှု။ 
I am pointing . 
this car is big . 
are you boys ? 
ဆယ့်သုံး 
where at the တကယ်လား၊ ? 
အလောတကြီးပြု . 
they are in the bag . 
the dog is under the table . 
တု . 
I am cold weather နွေး the weather like to or like a ? 
I am a boy . 
this car is small . 
ထုပ်လုပ်သည် . 
is that a cup ? 
my name is Tun Tun . 
ငရုတ်သီး။ 
the eight ၉၉၂ ခွဲ hours to not အမှတ် ခင် train get 10 minutes . 
is this difficult ? 
he is in front of the girl . 
is this an ice @-@ cream ? 
have you get 30 street . 
look this ever movie ? 
is this a glass ? 
ချိုချဉ် 
this boy is short . 
တတ် မပြော you ? 
စစ်ဆေး call you who behave so much ကြည့်ရှု ? 
ဆယ့်လေး 
this car is small . 
is she a policewoman ? 
am at the hut 
တစ်ဆယ့် three 
he is not to do ရာသီ ဆောင်း . 
is that a handkerchief ? 
I am clapping . 
I am opening the window . 
၉၀ 
he is a postman . 
စာပို့ခ 
ဖြစ်သလား အမျိုးသမီးများ နင်တို့က . 
is she a policewoman ? 
the dog is under the table . 
my mouth 
ထိုနေရာမှာ 
this is a house . 
ဖြောင့်သော။ 
I have an မှာကရားအိုး . 
this is a bag . 
all is the စစ်ဆေးမေးမြန်း အပေါင်းအသင်း &apos;s the ထိခိုက်နစ်နာသူ . 
I &apos;d like to go to ဈေးဝယ် 
my hair 
is there စာလုံး မည်မျှ အက္ခရာစဉ် ? have . 
what date သီတင်းပတ် &apos;s ? 
my thumb 
စာရင်း ငွေဝင်ငွေထွက် . 
he is in front of the girl . 
is this a ruler ? 
that is a bicycle . 
Kyaw Kyaw &apos;s shirt is dirty . 
the man လော့စ်အိဂျလိစ် what you do နွေ ကြလဲ? if 
is this a lamp ? 
I am opening the window . 
that is an egg . 
Kyaw Kyaw &apos;s ice @-@ cream is green . 
တစ်ခုခု မုဆိုး တရံရောအခါ တစ်နေ့သော a morning wood လျက် have a fox at the wait အို while the tree come to a ရလေ၏။ ဖြည်းညှင်းစွာ see . 
