why are you မသွား ? 
တာဝန် &apos;s one မိသားစုကြီး ရသဖြင့် he take to the budget can spend ချွေတာ . 
I don &apos;t see . is was စိတ်ညစ် . 
the book is he ထုတ်ပိုး စတင် to အဝတ်အစားများ . 
ဝန်ပိုး ဝန်ထုပ် 
လွန်ခဲ့တဲ့(၂)ရက်က။ 
စာရင်းရှင် . 
လေးသော။ 
no . 
this is Aye Aye . 
what is this ? 
that is a desk . 
ခြောက်လုံးပြူး။ 
that is a desk . 
စတော်ဘယ်ရီယို။ 
I am shutting the door . 
ကိုယ်လက်အင်္ဂါချွတ်ယွင်းကုသဆေးရုံ။ 
သက်ဆိုင်ရာအာဏာပိုင်အဖွဲ့။ 
is this difficult ? 
what is the next ? 
ဘာသာဝင် ဗုဒ္ဓ 
that is red . 
where do you want to go ? 
စစ်ဦးစီးအရာရှိချုပ်(လေ)။ 
is there သတိ muddy . 
he has လွဲလို့ is to အလုပ်ထွက် တော့ပါ။ နည်လမ်း can I don &apos;t 
I am shutting the window . 
you are a မီး preference a အ to the can I နံ့ ? 
အက္ခရာသင်္ချာ။ 
this car is big . 
this is her mother . 
this is red . 
မြန်မြန် 
this is not black . 
ဆင့် ၅၂ 
ကိုလံဘက်စ် 
if not . 
is this a ship ? 
are you happy to left ချမ်းသာ . 
that is a pen . 
I am opening the window . 
push 
ကြိတ်သည် . 
this is her mother . 
that is a queen . 
who is your အဲ့ဒါ အတူ အပေါ် with မူတည် ဆိုတဲ့ get to go . 
she two your assault what ? 
လက်ဖက်ရည်အိုး 
he is sitting . 
that is a ခဲတံတစ် ချောင်း . 
သုံးဆယ့်သုံး . 
what do you know ? &quot; , said the 
သတင်းအချက်အလက်ပေး Things 
this is her father . 
this is a table @-@ cloth . 
I made မပြော . 
I am standing up . 
there . 
21 
is that an apple ? 
he is good စည်းရုံးရေး ဂရုစိုက် တတ် အသေးစိတ် to the . 
drink does အရက် ? 
street ? 
is this a knife ? 
တိုက် အသက်ပေး they in စစ် . 
this is a paper . 
I am sitting . 
နားသံ။ 
his name is U Chit . 
he is not to see me ဆောင် ဟန် . 
this car is big . 
we for you right now you have . 
တံဆိပ်တုံးတု။ 
they are on the plate . 
ငွေစုစာအုပ် . 
that is a pan . 
တပ်ကြပ်။ 
my name is Tun Tun . 
this is a bird . 
Kyaw Kyaw &apos;s ice @-@ cream is green . 
this is a chair . 
it is not son နိုင်ငံခြား I . 
is this good ? 
how many dots are there ? 
what is your name ? 
လုလင် mail 
that is a bag . 
that is a bowl . 
how do ? 
ကြေးနန်းကြိုး 
where do I haven &apos;t decided where to go yet . 
that is a queen . 
it is အကုန်လုံး apart from this . 
ရုံးပတီသီး။ 
that is a blackboard . 
ဌာနခွဲစာရေး 
ဝိုင်းရံ . 
I am opening the window . 
this is a pig . 
look out . 
စိတ်ကောင်း သဘောမတူ သာ မေမေ if you don &apos;t have . 
သက်ဆိုင်ရာအာဏာပိုင်အဖွဲ့။ 
လူပြက် 
my shoe 
they တိုက်ခိုက်မှုဒဏ် ခံ and လှိမ့် . 
ဥပဒေခွင့်ပြုသော . 
that is a ball pen . 
that is a doll . 
in the bag . 
I am a like ? 
this is not green . 
is he a teacher ? 
this place four is ကြည်နူး really စရာ four . 
ဦးစီး။ 
the book is the table . 
၂၉ ဒီဇင်ဘာ . 
is that a basket ? 
to go to the အားကစားရုံ . 
this is a fish . 
တဆင့်ရေးထိုးသူ။ 
I am Kyaw Kyaw . 
မှဲ့စက်။ 
is he a postman ? 
ချောကလက်။ 
this car is big . 
my mouth 
he is laughing . 
they are would be back when we told me that the whose . &quot; 
are you Mi Mi ? 
when did they met marry is ? 
is this a street ? 
did you go to the စာကြည့်တိုက် . 
this is a basket . 
သတ္တဗေဒနှင့်ဆိုင်သော . 
ကျောက်ဆောင်များ။ 
is this a boy ? 
the အရောင်းစာရေး : can talk . 
what ဟိုဟာ ? 
he is a postman . 
? 
I နေမကောင်း I retore . 
ဆိုးသော။ 
connect . 
this is his father . 
that is a duster . 
a teacher . 
that is a button . 
ရှေ့အပတ်က။ 
the အပြောက်များ ဘယ်နှပြောက် are there ? 
ကျားသစ်။ 
ရဲတင်းသော . 
the girl is on the chair . 
to go decide upon a a reservation whenever you at the happy to help him I . 
the travel time you အပြောင်းအလဲ have some more if I can you a . 
I am writing . 
that is a bag . 
where will arrange for the to go to ? 
my name is U Chit . 
ပညာရေးနှင့်ဆိုင်သော . 
how old are ? 
ဂျင်း what other apart from အင်္ကျီ ရောင်း are ? 
အုပ်ချုပ်ရေးယန္တရားအပေါ်တာဝန်အဆမတန်ကျရောက်မှု။ 
this is a bus car . 
behind the bag . 
says , &quot; said says , &quot; said the why don &apos;t also know from . 
I am shutting the door . 
this is a bus . 
is this a chair ? 
is this an egg ? 
I ဆက် နည်းနည်းလေး နေပေး , and you ? 
I have a can wait ? 
that is a cat . 
အောင်မြင်သော . 
the meeting ဒါရိုက်တာ အနှောင့်အယှက် . do not I take . 
that is a glass . 
that is brown . 
I am reading . 
မီးရှို့သည် . 
လာသော . 
ပြည့် room . 
thank you promise to me . 
to can ပြန်ကြား address and စာအိတ် ကပ် stamp . 
I am running . 
နှောင့်ယှက် . 
he . I အခုလေးတင် . I am the job . 
the engineer train a man စောဒကတက် လာရောက် ထံသို့ . 
I have a အနားယူ အပန်းဖြေ အူရီဂွန် I don &apos;t 
are you boys ? 
the best price ညှိ we can you . 
this is her father . 
that is an artist . 
is this a flower ? 
this is a glass . 
I am opening the door . 
hundred . 
သား။ me ? 
someone immature မိသားစုဝင်များ Things 
the chair is beside the tree . 
what do you do in class ကျွန်မတို့ are they ? 
I am shutting the window . 
I am running . 
do you want to left to come . 
ဖော့ အပူခံ 
how much is this ? 
Things ရိုက် စွာ ပြင်း of the hand 
this is her father . 
ဆယ်ဦး မီးလောင်မှု hotel သေဆုံး to go to the have . 
ခြေဖနောင့်။ 
that is a blackboard . 
I am writing . 
they are beside the bag . 
ချိုး . 
there is no သတိ muddy . 
is that an ice @-@ cream ? 
is this a glass ? 
it &apos;s very village မိုး today . 
please sit down . 
this car is small . 
his is the စေ့စပ်ဖျန်ဖြေ have three listened . 
my but . thanks တတ် မသောက် အရက် . 
the ပြည့်ဝ လေ့ကျင့်ပေး . 
my feet 
နှာခေါင်း။ 
this is her father . 
what did you do that ? &quot; told the teacher . 
who is ရုပ်ရှင်သရုပ်ဆောင် အကြိုက်ဆုံး you ? 
ရှစ်လုံး chair 
is this a blackboard ? 
မတ်သော။ 
is this a ship ? 
to you days 14 မေ I &apos;ll . 
how much money do for this trip အကုန်အကျ ထည့် in the စာရင်း ? 
that is a bag . 
this is a duster . 
နိုး . 
အားပေး . 
ဒူးရင်းသီး။ 
this is a bird . 
I am drawing . 
they are in the bag . 
my knee 
ကြောက်သော . 
is this a desk ? 
my name is U Chit . 
this is a pig . 
these are girls and these are boys . 
my ear 
beside the bag . 
is there place to go to do you have ? 
Kyaw Kyaw &apos;s shirt is dirty . 
is this a glass ? 
this is a stick . 
this is his father . 
the များစွာ မိုင်ပေါင်း ကျယ်ပြန့် သစ်တောများ . 
work . 
my mouth 
no , it is open . 
the စိတ်ဓာတ်ကျဆင်းမှု လေ့ is the ပင်ပန်းမှုဒဏ် the ဖိစီးမှု၊ . 
this is a glass . 
တတ် မပြော speak English very well . 
လက်နက်ကြီး။ 
on the plate . 
no , the sum is wrong , it is not right . 
to နောက်ထပ် ဆီမှာ him . 
မူတည် on the weather . 
this is black . 
တည်ဆောက်သော . 
that is a blackboard . 
စုံစမ်းသည် . 
the ကဗျာ ကိုးကား , keep do I need မူပိုင်ခွင့် ပါက must give budget 
look at the စကေး &apos;s သာမိုမီတာ . 
this is a bicycle . 
no , we are not women . 
တွက် . 
is this a tap ? 
ကြော်ငြာလုပ်ငန်း။ 
curse 
can I drink don &apos;t ဆေးလိပ် . 
this is a stone . 
ဓာတ်မှန်ပညာ။ 
my feet 
this is a hen . 
they are in the bag . 
how long does it take said with car ? 
I am a writer . . 
is this a tap ? 
ပြုတ် . 
he is walking . 
this is her father . 
that is yellow . 
ကုန်ပစ္စည်း 
bum 
this is not a pencil . 
that is a bag . 
သန့်သော။ 
he တခု ဒီ့ပြင် say . 
သတင်းစာ to keep the မျက်မှောက်ရေးရာ read him know ရပါမည်။ you 
I am opening the door . 
is there at home . 
ရော့ here . 
ပြည်ထောင်စုကြီး if you don &apos;t ညီညွှတ်မှု ပြိုကွဲ အတွေ့အကြုံ that we have a ခါးသီး have . 
is that an egg ? 
ခံ အဖမ်း , he . 
this is a ship . 
there are three birds . 
have you days 14 July I want to go . 
ဝက် 
this is her mouth . 
in the bag . 
in the မာလကာပင်များ ဥယျာဉ် hope that ပေါက် two နောင် . 
the bottle 
on the plate . 
my face 
မျက်စိကန်းသော . 
this car is small . 
is this a school ? 
သိန်း ဆယ် 
is this an aeroplane ? 
ကာယနှင့်ဆိုင်သော။ 
this is a bag . 
is this a lamp ? 
to do you ထွက်ခွာ in the morning or afternoon ထွက်ခွာ love ? 
မကျက်သေးသော . 
my name is ဂျွန်စမစ်။ 
you should မပြော ? 
this is a bird . 
that is a cup . 
I know where မည်၊ that he would come . 
it is not . 
judge . 
is this difficult ? 
this is his father . 
more than ထားတာ hope is စာမေးပွဲ difficult . 
this is her mouth . 
ဆယ့်သုံး 
would you like to ယူအက်စ် you arrive ? 
that is a duster . 
it is under the desk . 
I am a boy . 
is this difficult ? 
and eat . 
is this bad ? 
that is in the sky . 
this is his father . 
there are two cats under the table . 
where can I is is guess you have . 
this is his mother . 
hotel သတင်းစာ is it to have a in the news come is စရာ ပွား သံသယ . 
do you know address . 
ပုတက်စာ။ 
no , we are not women . 
လူမှုရေး နိုင်ငံရေးစီးပွားရေးဘဏ်များတွင်။ , 
ဓာတ် train ? 
my name is Mi Mi . 
is this a queen ? 
ငါးဆယ့်ငါး . 
စာရင်းရှင်။ 
my name is U Chit . 
she is drawing . 
they အလုပ်ပြီး when you ငွေရှင်း to the . 
အန္တရာယ်များသော . 
that is not a pencil . 
I am writing . 
စစ်ဦးစီးဗိုလ်မှူးကြီး(ရေ)။ 
the book is the &apos;s the table . 
is he shouting ? 
ဝေလငါး။ 
ပြသသည် . 
they are in the bag . 
လျှောကျ . 
that is a glasses . 
စက်သေနတ်။ 
အသုံးဝင်သော . 
this is a glass . 
is she a girl ? 
တတ် said you speak English ? 
I am opening the window . 
it &apos;s seven ၁၉၉၇ the ကြေညာ လူမွဲစာရင်း of seats လျှောက် to give 
I am drawing . 
to what time to the မင်္ဂလာဒုံ ? 
I have a bell . 
I am a leave . I ? 
is this a pencil ? 
ညစ်ပတ်သော။ 
call who ? 
that is a button . 
the ရလာ စိတ္တဇပန်းချီ နားလည်လက်ခံလာ တဖြည်းဖြည်း is တာ။ အကျင့် တတ် 
someone သတင်းအချက်အလက် Things 
is there other ? 
the hotel မောင်နှံ ပြန်မရောက် တည်းခိုရာ and အရေးတကြီး when the အကြောင်းကြား to the of ဆော်ဩ . 
that is a bird . 
I am pointing . 
the for two now လက်ကျန် ငွေပေးငွေယူရှင်းတမ်း ပြင်ပ good it . 
thanks he ပြုံး of the ပြ အနေ တင် . 
ဌာန post office . 
is this a fish ? 
ပြင်းထန် muddy . 
စာချုပ်စာတမ်းဆိုင်ရာရှေ့နေ။ 
I have a kite . 
my name is Toe Toe . 
is that a basket ? 
this is a woman . 
my name is Mi Mi . 
that is a glass . 
this boy is short . 
ဆင်။ 
that is a bottle . 
they are ဆုံး အသင့်တော် to do you help for the best price . 
is the sum difficult ? 
she is ချုပ် a အသစ် dress . 
this is white . 
စုပ်ယူနိုင်သော . 
enter . 
အပြစ်ရှိသော . 
စာပေလက်ထောက်(၁)။ 
စကားမစပ်။ 
you are a အဆင့် တစ်စုံတစ်ခု သဘောချင်း . I hate football အထိ . 
ဗေဒင်ပညာရှင်။ 
မွမ်းမံ . 
my name is Mi Mi . 
this is a table . 
here &apos;s ခွဲခြမ်းစိတ်ဖြာမှု မသုံး computer have not the အဆင့် . 
this car is big . 
6 
I like to watch TV do you like to 
not . 
this is a chicken . 
and is ချစ်သူ &apos;s your is I &apos;ll come . 
I want to go to the ပြပွဲ . 
the girl is on the chair . 
a 
အသံတိုးသော . 
my name is Mi Mi . 
I am U Chit . 
အတုလုပ်မှု။ 
I am pointing . 
this car is big . 
are you boys ? 
ဆယ့်သုံး 
at the what တကယ်လား၊ ? 
အလောတကြီးပြု . 
they are in the bag . 
the dog is under the table . 
တု . 
I am cold weather a နွေး or like a like to the weather ? 
I am a boy . 
this car is small . 
ထုပ်လုပ်သည် . 
is this a cup ? 
my name is Tun Tun . 
ငရုတ်သီး။ 
eight ခွဲ အမှတ် to the ၉၉၂ ခင် minutes don &apos;t ten train is to . 
is this difficult ? 
he is in front of the girl . 
is this an ice @-@ cream ? 
do you get off at 30 street . 
have you ever look movie here ? 
is this a glass ? 
ချိုချဉ် 
this boy is short . 
တတ် မပြော you ? 
call who Things ကြည့်ရှု စစ်ဆေး you said ? 
ဆယ့်လေး 
this car is small . 
is she a policewoman ? 
the sun at hut 
တစ်ဆယ့် three 
he do not to ရာသီ ဆောင်း . 
is that a handkerchief ? 
I am clapping . 
I am opening the window . 
၉၀ 
he is a postman . 
စာပို့ခ 
ဖြစ်သလား အမျိုးသမီးများ နင်တို့က . 
is she a policewoman ? 
the dog is under the table . 
my mouth 
ထိုနေရာမှာ 
this is a house . 
ဖြောင့်သော။ 
I have an မှာကရားအိုး . 
this is a bag . 
the စစ်ဆေးမေးမြန်း all အပေါင်းအသင်း &apos;s ထိခိုက်နစ်နာသူ . 
I &apos;d like to go to ဈေးဝယ် 
my hair 
is there အက္ခရာစဉ် မည်မျှ စာလုံး have ? 
what date &apos;s သီတင်းပတ် ? 
my thumb 
စာရင်း ငွေဝင်ငွေထွက် . 
he is in front of the girl . 
is this a ruler ? 
that is a bicycle . 
Kyaw Kyaw &apos;s shirt is dirty . 
if you လော့စ်အိဂျလိစ် what the man နွေ ကြလဲ? do . 
is this a lamp ? 
I am opening the window . 
that is an egg . 
Kyaw Kyaw &apos;s ice @-@ cream is green . 
the မုဆိုး တစ်ခုခု တရံရောအခါ တစ်နေ့သော have a morning at the wood လျက် wait a fox while the tree ဖြည်းညှင်းစွာ အို one ရလေ၏။ see the come . 
